

> web@0.1.0 build /home/runner/work/open-mool/open-mool/apps/web
> next build

⚠ No build cache found. Please configure build caching for faster rebuilds. Read more: https://nextjs.org/docs/messages/no-cache
Attention: Next.js now collects completely anonymous telemetry regarding usage.
This information is used to shape Next.js' roadmap and prioritize features.
You can learn more, including how to opt-out if you'd not like to participate in this anonymous program, by visiting the following URL:
https://nextjs.org/telemetry

  ▲ Next.js 14.2.0

   Creating an optimized production build ...
request to https://fonts.googleapis.com/css2?family=Eczar:wght@400..800&display=swap failed, reason: getaddrinfo ENOTFOUND fonts.googleapis.com

Retrying 1/3...
request to https://fonts.googleapis.com/css2?family=Yantramanav:wght@100;300;400;500;700;900&display=swap failed, reason: getaddrinfo ENOTFOUND fonts.googleapis.com

Retrying 1/3...
request to https://fonts.googleapis.com/css2?family=Gotu:wght@400&display=swap failed, reason: getaddrinfo ENOTFOUND fonts.googleapis.com

Retrying 1/3...
request to https://fonts.googleapis.com/css2?family=Eczar:wght@400..800&display=swap failed, reason: getaddrinfo ENOTFOUND fonts.googleapis.com

Retrying 2/3...
request to https://fonts.googleapis.com/css2?family=Yantramanav:wght@100;300;400;500;700;900&display=swap failed, reason: getaddrinfo ENOTFOUND fonts.googleapis.com

Retrying 2/3...
request to https://fonts.googleapis.com/css2?family=Gotu:wght@400&display=swap failed, reason: getaddrinfo ENOTFOUND fonts.googleapis.com

Retrying 2/3...
request to https://fonts.googleapis.com/css2?family=Eczar:wght@400..800&display=swap failed, reason: getaddrinfo ENOTFOUND fonts.googleapis.com

Retrying 3/3...
request to https://fonts.googleapis.com/css2?family=Yantramanav:wght@100;300;400;500;700;900&display=swap failed, reason: getaddrinfo ENOTFOUND fonts.googleapis.com

Retrying 3/3...
request to https://fonts.googleapis.com/css2?family=Gotu:wght@400&display=swap failed, reason: getaddrinfo ENOTFOUND fonts.googleapis.com

Retrying 3/3...
FetchError: request to https://fonts.googleapis.com/css2?family=Eczar:wght@400..800&display=swap failed, reason: getaddrinfo ENOTFOUND fonts.googleapis.com
    at ClientRequest.<anonymous> (/home/runner/work/open-mool/open-mool/node_modules/[4m.pnpm[24m/next@14.2.0_react-dom@18.3.1_react@18.3.1__react@18.3.1/node_modules/[4mnext[24m/dist/compiled/node-fetch/index.js:1:66160)
[90m    at ClientRequest.emit (node:events:524:28)[39m
[90m    at emitErrorEvent (node:_http_client:101:11)[39m
[90m    at TLSSocket.socketErrorListener (node:_http_client:504:5)[39m
[90m    at TLSSocket.emit (node:events:524:28)[39m
[90m    at emitErrorNT (node:internal/streams/destroy:169:8)[39m
[90m    at emitErrorCloseNT (node:internal/streams/destroy:128:3)[39m
[90m    at process.processTicksAndRejections (node:internal/process/task_queues:82:21)[39m {
  type: [32m'system'[39m,
  errno: [32m'ENOTFOUND'[39m,
  code: [32m'ENOTFOUND'[39m
}
FetchError: request to https://fonts.googleapis.com/css2?family=Yantramanav:wght@100;300;400;500;700;900&display=swap failed, reason: getaddrinfo ENOTFOUND fonts.googleapis.com
    at ClientRequest.<anonymous> (/home/runner/work/open-mool/open-mool/node_modules/[4m.pnpm[24m/next@14.2.0_react-dom@18.3.1_react@18.3.1__react@18.3.1/node_modules/[4mnext[24m/dist/compiled/node-fetch/index.js:1:66160)
[90m    at ClientRequest.emit (node:events:524:28)[39m
[90m    at emitErrorEvent (node:_http_client:101:11)[39m
[90m    at TLSSocket.socketErrorListener (node:_http_client:504:5)[39m
[90m    at TLSSocket.emit (node:events:524:28)[39m
[90m    at emitErrorNT (node:internal/streams/destroy:169:8)[39m
[90m    at emitErrorCloseNT (node:internal/streams/destroy:128:3)[39m
[90m    at process.processTicksAndRejections (node:internal/process/task_queues:82:21)[39m {
  type: [32m'system'[39m,
  errno: [32m'ENOTFOUND'[39m,
  code: [32m'ENOTFOUND'[39m
}
FetchError: request to https://fonts.googleapis.com/css2?family=Gotu:wght@400&display=swap failed, reason: getaddrinfo ENOTFOUND fonts.googleapis.com
    at ClientRequest.<anonymous> (/home/runner/work/open-mool/open-mool/node_modules/[4m.pnpm[24m/next@14.2.0_react-dom@18.3.1_react@18.3.1__react@18.3.1/node_modules/[4mnext[24m/dist/compiled/node-fetch/index.js:1:66160)
[90m    at ClientRequest.emit (node:events:524:28)[39m
[90m    at emitErrorEvent (node:_http_client:101:11)[39m
[90m    at TLSSocket.socketErrorListener (node:_http_client:504:5)[39m
[90m    at TLSSocket.emit (node:events:524:28)[39m
[90m    at emitErrorNT (node:internal/streams/destroy:169:8)[39m
[90m    at emitErrorCloseNT (node:internal/streams/destroy:128:3)[39m
[90m    at process.processTicksAndRejections (node:internal/process/task_queues:82:21)[39m {
  type: [32m'system'[39m,
  errno: [32m'ENOTFOUND'[39m,
  code: [32m'ENOTFOUND'[39m
}
Failed to compile.

src/app/layout.tsx
`next/font` error:
Failed to fetch `Eczar` from Google Fonts.

src/app/layout.tsx
`next/font` error:
Failed to fetch `Gotu` from Google Fonts.

src/app/layout.tsx
`next/font` error:
Failed to fetch `Yantramanav` from Google Fonts.

src/app/layout.tsx
`next/font` error:
Failed to fetch `Eczar` from Google Fonts.

src/app/layout.tsx
`next/font` error:
Failed to fetch `Gotu` from Google Fonts.


> Build failed because of webpack errors
[41m[30m ELIFECYCLE [39m[49m [31mCommand failed with exit code 1.[39m
